<?xml version="1.0" encoding="UTF-8"?>
<!-- Generated by org.testng.reporters.JUnitXMLReporter -->
<testsuite ignored="0" hostname="SATISH" failures="0" tests="8" name="Default test" time="44.852" errors="0" timestamp="2024-03-26T22:17:36 IST">
  <testcase classname="registerpack.RegistrationTestCases" name="registerAccountWithMandatoryFields" time="4.637"/>
  <testcase classname="registerpack.RegistrationTestCases" name="registerAccountWithAllFields" time="3.937"/>
  <testcase classname="registerpack.RegistrationTestCases" name="registerWithoutProvidingAnyFields" time="2.715"/>
  <testcase classname="registerpack.RegistrationTestCases" name="registerAccountBySelectingYesNewsLetterOption" time="4.243"/>
  <testcase classname="registerpack.RegistrationTestCases" name="registerAccountBySelectingNoNewsLetterOption" time="3.953"/>
  <testcase classname="registerpack.RegistrationTestCases" name="registerAccountPageNavigations" time="13.669"/>
  <testcase classname="registerpack.RegistrationTestCases" name="registerAccountByProvidingMismatchingPasswords" time="8.791"/>
  <testcase classname="registerpack.RegistrationTestCases" name="registerDuplicateAccountWithSameEmail" time="2.86"/>
</testsuite> <!-- Default test -->
