<?xml version="1.0" encoding="UTF-8"?>
<testng-results ignored="0" total="8" passed="8" failed="0" skipped="0">
  <reporter-output>
  </reporter-output>
  <suite started-at="2024-03-26T22:16:51 IST" name="Default suite" finished-at="2024-03-26T22:17:36 IST" duration-ms="44852">
    <groups>
    </groups>
    <test started-at="2024-03-26T22:16:51 IST" name="Default test" finished-at="2024-03-26T22:17:36 IST" duration-ms="44852">
      <class name="registerpack.RegistrationTestCases">
        <test-method signature="registerAccountWithMandatoryFields()[pri:1, instance:registerpack.RegistrationTestCases@20deea7f]" started-at="2024-03-26T22:16:51 IST" name="registerAccountWithMandatoryFields" finished-at="2024-03-26T22:16:56 IST" duration-ms="4637" status="PASS">
          <reporter-output>
          </reporter-output>
        </test-method> <!-- registerAccountWithMandatoryFields -->
        <test-method signature="registerAccountWithAllFields()[pri:2, instance:registerpack.RegistrationTestCases@20deea7f]" started-at="2024-03-26T22:16:56 IST" name="registerAccountWithAllFields" finished-at="2024-03-26T22:17:00 IST" duration-ms="3937" status="PASS">
          <reporter-output>
          </reporter-output>
        </test-method> <!-- registerAccountWithAllFields -->
        <test-method signature="registerWithoutProvidingAnyFields()[pri:3, instance:registerpack.RegistrationTestCases@20deea7f]" started-at="2024-03-26T22:17:00 IST" name="registerWithoutProvidingAnyFields" finished-at="2024-03-26T22:17:02 IST" duration-ms="2715" status="PASS">
          <reporter-output>
          </reporter-output>
        </test-method> <!-- registerWithoutProvidingAnyFields -->
        <test-method signature="registerAccountBySelectingYesNewsLetterOption()[pri:4, instance:registerpack.RegistrationTestCases@20deea7f]" started-at="2024-03-26T22:17:02 IST" name="registerAccountBySelectingYesNewsLetterOption" finished-at="2024-03-26T22:17:07 IST" duration-ms="4243" status="PASS">
          <reporter-output>
          </reporter-output>
        </test-method> <!-- registerAccountBySelectingYesNewsLetterOption -->
        <test-method signature="registerAccountBySelectingNoNewsLetterOption()[pri:5, instance:registerpack.RegistrationTestCases@20deea7f]" started-at="2024-03-26T22:17:07 IST" name="registerAccountBySelectingNoNewsLetterOption" finished-at="2024-03-26T22:17:11 IST" duration-ms="3953" status="PASS">
          <reporter-output>
          </reporter-output>
        </test-method> <!-- registerAccountBySelectingNoNewsLetterOption -->
        <test-method signature="registerAccountPageNavigations()[pri:6, instance:registerpack.RegistrationTestCases@20deea7f]" started-at="2024-03-26T22:17:11 IST" name="registerAccountPageNavigations" finished-at="2024-03-26T22:17:24 IST" duration-ms="13669" status="PASS">
          <reporter-output>
          </reporter-output>
        </test-method> <!-- registerAccountPageNavigations -->
        <test-method signature="registerAccountByProvidingMismatchingPasswords()[pri:7, instance:registerpack.RegistrationTestCases@20deea7f]" started-at="2024-03-26T22:17:24 IST" name="registerAccountByProvidingMismatchingPasswords" finished-at="2024-03-26T22:17:33 IST" duration-ms="8791" status="PASS">
          <reporter-output>
          </reporter-output>
        </test-method> <!-- registerAccountByProvidingMismatchingPasswords -->
        <test-method signature="registerDuplicateAccountWithSameEmail()[pri:8, instance:registerpack.RegistrationTestCases@20deea7f]" started-at="2024-03-26T22:17:33 IST" name="registerDuplicateAccountWithSameEmail" finished-at="2024-03-26T22:17:36 IST" duration-ms="2860" status="PASS">
          <reporter-output>
          </reporter-output>
        </test-method> <!-- registerDuplicateAccountWithSameEmail -->
      </class> <!-- registerpack.RegistrationTestCases -->
    </test> <!-- Default test -->
  </suite> <!-- Default suite -->
</testng-results>
